<?xml version="1.0" encoding="UTF-8"?>
<testsuite xmlns:xsi="http://www.w3.org/2001/XMLSchema-instance" xsi:noNamespaceSchemaLocation="https://maven.apache.org/surefire/maven-surefire-plugin/xsd/surefire-test-report.xsd" name="behaviourtests.CucumberTest" time="0.285" tests="2" errors="0" skipped="0" failures="0">
  <properties>
[...]
</properties>
  <testcase name="Register DTUPay account" classname="behaviourtests.CucumberTest" time="0.28"/>
  <testcase name="User mapped successfully" classname="behaviourtests.CucumberTest" time="0.003"/>
</testsuite>